/__w/CMSIS-Executorch/CMSIS-Executorch/scripts/generate_ai_layer_report.py:283: DeprecationWarning: datetime.datetime.utcnow() is deprecated and scheduled for removal in a future version. Use timezone-aware objects to represent datetimes in UTC: datetime.datetime.now(datetime.UTC).
  timestamp = datetime.utcnow().isoformat(timespec='seconds') + 'Z'
Generating comprehensive AI layer build report...
✅ Comprehensive report written to /__w/CMSIS-Executorch/CMSIS-Executorch/ai_layer/REPORT.md
📊 Found 9 libraries and 1 model assets
2025-11-26 14:16:34 [SUCCESS] Completed: Generate report
2025-11-26 14:16:35 [INFO] Build summary:
# ExecuTorch AI Layer Build Report

**Generated:** 2025-11-26T14:16:34Z
**Git Commit:** ec008c0bb664 on main
**Repository Status:** 🔄 Modified
**Last Commit:** 2025-11-26 15:06:41 +0100

## 📊 Build Summary

- **Libraries:** 9 static libraries
- **Models:** 1 model assets
- **Operators:** 9 selected operators
- **Build Type:** Release

## 📚 Library Assets

**Total Size:** 11.1 MiB

| Library | Size | Percentage | Modified | Hash |
|---------|------|------------|----------|------|
| libcortex_m_kernels.a | 22.1 KiB | 0.2% | 2025-11-26 14:13:48 | `1ea9056b7a801215` |
| libcortex_m_ops_lib.a | 12.6 KiB | 0.1% | 2025-11-26 14:13:48 | `39b3c1541f64dc80` |
| libexecutorch.a | 64.1 KiB | 0.6% | 2025-11-26 14:13:48 | `4879d25e49927908` |
| libexecutorch_core.a | 198.3 KiB | 1.7% | 2025-11-26 14:13:48 | `5eeb5296af6bbc12` |
| libexecutorch_delegate_ethos_u.a | 19.2 KiB | 0.2% | 2025-11-26 14:13:48 | `16b723c209a19acd` |
| libportable_kernels.a | 10.3 MiB | 92.8% | 2025-11-26 14:13:48 | `ca0e80916d304745` |
| libportable_ops_lib.a | 200.9 KiB | 1.8% | 2025-11-26 14:16:34 | `c1e355d10c812803` |
| libquantized_kernels.a | 281.8 KiB | 2.5% | 2025-11-26 14:13:48 | `fff8fe357ede817a` |
| libquantized_ops_lib.a | 27.8 KiB | 0.2% | 2025-11-26 14:13:48 | `a26a5205f1b49e6e` |

## 🤖 Model Assets

| Asset | Type | Size | Modified | Hash |
|-------|------|------|----------|------|
| ethos_u_minimal_example.pte | Model | 3.7 KiB | 2025-11-26 14:16:34 | `64b1c8be310fada7` |

## ⚙️ Build Configuration

### CMake Configuration
- **Build Type:** `Release`
- **Toolchain File:** `/__w/CMSIS-Executorch/CMSIS-Executorch/model/arm-none-eabi-gcc.cmake`
- **ARM Baremetal:** `ON`
- **Cortex-M Support:** `ON`
- **Portable Ops:** `ON`
- **Quantized Kernels:** `ON`

### Selected Operators

**Count:** 9 operators

2025-11-26 14:16:35 [SUCCESS] Build completed successfully!
📋 Build logs saved to: ai_layer/logs/
