[Stage2] Using operator list from file: /__w/CMSIS-Executorch/CMSIS-Executorch/model/operators_minimal.txt
[Stage2] Operators: aten::add.out,aten::mul.out,aten::relu.out,aten::view_copy.out,aten::permute_copy.out,aten::conv2d.out,aten::linear.out,aten::sigmoid.out,aten::softmax.out
[Stage2] Configuring selective portable ops build...
[Stage2] Strategy: Manual operator list
-- ExecuTorch ARM toolchain not found, using system PATH
-- ExecuTorch ARM toolchain not found, using system PATH
-- The C compiler identification is unknown
-- The CXX compiler identification is unknown
CMake Error at CMakeLists.txt:51 (project):
  The CMAKE_C_COMPILER:

    arm-none-eabi-gcc

  is not a full path and was not found in the PATH.

  Tell CMake where to find the compiler by setting either the environment
  variable "CC" or the CMake cache entry CMAKE_C_COMPILER to the full path to
  the compiler, or to the compiler name if it is in the PATH.


CMake Error at CMakeLists.txt:51 (project):
  The CMAKE_CXX_COMPILER:

    arm-none-eabi-g++

  is not a full path and was not found in the PATH.

  Tell CMake where to find the compiler by setting either the environment
  variable "CXX" or the CMake cache entry CMAKE_CXX_COMPILER to the full path
  to the compiler, or to the compiler name if it is in the PATH.


-- Configuring incomplete, errors occurred!
